[02-Sep-2022 21:52:08 UTC] PHP Deprecated:  rtrim(): Passing null to parameter #1 ($string) of type string is deprecated in /usr/src/app/app/App.php on line 10
[02-Sep-2022 21:52:42 UTC] PHP Deprecated:  rtrim(): Passing null to parameter #1 ($string) of type string is deprecated in /usr/src/app/app/App.php on line 10
[02-Sep-2022 21:52:59 UTC] PHP Deprecated:  rtrim(): Passing null to parameter #1 ($string) of type string is deprecated in /usr/src/app/app/App.php on line 10
[02-Sep-2022 21:55:22 UTC] PHP Deprecated:  rtrim(): Passing null to parameter #1 ($string) of type string is deprecated in /usr/src/app/app/App.php on line 10
[02-Sep-2022 21:55:22 UTC] PHP Warning:  Undefined array key "url" in /usr/src/app/app/App.php on line 12
[02-Sep-2022 21:57:11 UTC] PHP Deprecated:  rtrim(): Passing null to parameter #1 ($string) of type string is deprecated in /usr/src/app/app/App.php on line 10
[02-Sep-2022 23:57:19 UTC] PHP Deprecated:  rtrim(): Passing null to parameter #1 ($string) of type string is deprecated in /var/www/html/app/App.php on line 10
[02-Sep-2022 23:57:19 UTC] PHP Deprecated:  rtrim(): Passing null to parameter #1 ($string) of type string is deprecated in /var/www/html/app/App.php on line 10
[02-Sep-2022 23:57:24 UTC] PHP Deprecated:  rtrim(): Passing null to parameter #1 ($string) of type string is deprecated in /var/www/html/app/App.php on line 10
[02-Sep-2022 23:57:24 UTC] PHP Deprecated:  rtrim(): Passing null to parameter #1 ($string) of type string is deprecated in /var/www/html/app/App.php on line 10
[02-Sep-2022 23:57:49 UTC] PHP Warning:  require(../app/lib/routes.php): Failed to open stream: No such file or directory in /var/www/html/index.php on line 10
[02-Sep-2022 23:57:49 UTC] PHP Fatal error:  Uncaught Error: Failed opening required '../app/lib/routes.php' (include_path='.:/usr/local/lib/php') in /var/www/html/index.php:10
Stack trace:
#0 {main}
  thrown in /var/www/html/index.php on line 10
[02-Sep-2022 23:57:50 UTC] PHP Warning:  require(../app/lib/routes.php): Failed to open stream: No such file or directory in /var/www/html/index.php on line 10
[02-Sep-2022 23:57:50 UTC] PHP Fatal error:  Uncaught Error: Failed opening required '../app/lib/routes.php' (include_path='.:/usr/local/lib/php') in /var/www/html/index.php:10
Stack trace:
#0 {main}
  thrown in /var/www/html/index.php on line 10
[02-Sep-2022 23:58:36 UTC] PHP Deprecated:  rtrim(): Passing null to parameter #1 ($string) of type string is deprecated in /var/www/html/app/App.php on line 10
[02-Sep-2022 23:58:37 UTC] PHP Deprecated:  rtrim(): Passing null to parameter #1 ($string) of type string is deprecated in /var/www/html/app/App.php on line 10
[02-Sep-2022 23:59:54 UTC] PHP Warning:  require(app/views/login.php.php): Failed to open stream: No such file or directory in /var/www/html/app/lib/View.php on line 14
[02-Sep-2022 23:59:54 UTC] PHP Fatal error:  Uncaught Error: Failed opening required 'app/views/login.php.php' (include_path='.:/usr/local/lib/php') in /var/www/html/app/lib/View.php:14
Stack trace:
#0 /var/www/html/app/lib/Controller.php(20): App\lib\View->render('login.php', Array)
#1 /var/www/html/app/lib/routes.php(20): App\lib\Controller->render('login.php')
#2 [internal function]: App\{closure}()
#3 /var/www/html/vendor/bramus/router/src/Bramus/Router/Router.php(458): call_user_func_array(Object(Closure), Array)
#4 /var/www/html/vendor/bramus/router/src/Bramus/Router/Router.php(440): Bramus\Router\Router->invoke(Object(Closure), Array)
#5 /var/www/html/vendor/bramus/router/src/Bramus/Router/Router.php(287): Bramus\Router\Router->handle(Array, true)
#6 /var/www/html/app/lib/routes.php(33): Bramus\Router\Router->run()
#7 /var/www/html/index.php(10): require('/var/www/html/a...')
#8 {main}
  thrown in /var/www/html/app/lib/View.php on line 14
[03-Sep-2022 00:01:14 UTC] PHP Warning:  require(app/views/login.php.php): Failed to open stream: No such file or directory in /var/www/html/app/lib/View.php on line 14
[03-Sep-2022 00:01:14 UTC] PHP Fatal error:  Uncaught Error: Failed opening required 'app/views/login.php.php' (include_path='.:/usr/local/lib/php') in /var/www/html/app/lib/View.php:14
Stack trace:
#0 /var/www/html/app/lib/Controller.php(20): App\lib\View->render('login.php', Array)
#1 /var/www/html/app/lib/routes.php(19): App\lib\Controller->render('login.php')
#2 [internal function]: App\lib\{closure}()
#3 /var/www/html/vendor/bramus/router/src/Bramus/Router/Router.php(458): call_user_func_array(Object(Closure), Array)
#4 /var/www/html/vendor/bramus/router/src/Bramus/Router/Router.php(440): Bramus\Router\Router->invoke(Object(Closure), Array)
#5 /var/www/html/vendor/bramus/router/src/Bramus/Router/Router.php(287): Bramus\Router\Router->handle(Array, true)
#6 /var/www/html/app/lib/routes.php(32): Bramus\Router\Router->run()
#7 /var/www/html/index.php(10): require('/var/www/html/a...')
#8 {main}
  thrown in /var/www/html/app/lib/View.php on line 14
[03-Sep-2022 00:01:35 UTC] PHP Deprecated:  rtrim(): Passing null to parameter #1 ($string) of type string is deprecated in /var/www/html/app/App.php on line 10
[03-Sep-2022 00:01:35 UTC] PHP Deprecated:  rtrim(): Passing null to parameter #1 ($string) of type string is deprecated in /var/www/html/app/App.php on line 10
[03-Sep-2022 00:17:45 UTC] PHP Warning:  Undefined array key "PUBLIC_PORT" in /var/www/html/app/lib/routes.php on line 14
[03-Sep-2022 00:17:48 UTC] PHP Warning:  Undefined array key "PUBLIC_PORT" in /var/www/html/app/lib/routes.php on line 14
[03-Sep-2022 00:19:37 UTC] PHP Warning:  Undefined array key "PUBLIC_PORT" in /var/www/html/app/lib/routes.php on line 14
[03-Sep-2022 00:21:07 UTC] PHP Warning:  Undefined array key "PUBLIC_PORT" in /var/www/html/app/lib/routes.php on line 14
[03-Sep-2022 00:21:08 UTC] PHP Warning:  Undefined array key "PUBLIC_PORT" in /var/www/html/app/lib/routes.php on line 14
[03-Sep-2022 00:57:24 UTC] PHP Fatal error:  Uncaught ArgumentCountError: Too few arguments to function App\controllers\Login::auth(), 0 passed in /var/www/html/app/lib/routes.php on line 28 and exactly 1 expected in /var/www/html/app/controllers/Login.php:17
Stack trace:
#0 /var/www/html/app/lib/routes.php(28): App\controllers\Login->auth()
#1 [internal function]: App\lib\{closure}()
#2 /var/www/html/vendor/bramus/router/src/Bramus/Router/Router.php(458): call_user_func_array(Object(Closure), Array)
#3 /var/www/html/vendor/bramus/router/src/Bramus/Router/Router.php(440): Bramus\Router\Router->invoke(Object(Closure), Array)
#4 /var/www/html/vendor/bramus/router/src/Bramus/Router/Router.php(287): Bramus\Router\Router->handle(Array, true)
#5 /var/www/html/app/lib/routes.php(36): Bramus\Router\Router->run()
#6 /var/www/html/index.php(10): require('/var/www/html/a...')
#7 {main}
  thrown in /var/www/html/app/controllers/Login.php on line 17
[03-Sep-2022 00:57:42 UTC] PHP Warning:  Undefined variable $param in /var/www/html/app/lib/Controller.php on line 28
[03-Sep-2022 00:57:42 UTC] PHP Warning:  "boolean" will be interpreted as a class name. Did you mean "bool"? Write "\App\boolean" or import the class with "use" to suppress this warning in /var/www/html/app/models/User.php on line 26
[03-Sep-2022 00:57:42 UTC] PHP Warning:  "boolean" will be interpreted as a class name. Did you mean "bool"? Write "\App\boolean" or import the class with "use" to suppress this warning in /var/www/html/app/models/User.php on line 41
[03-Sep-2022 00:57:42 UTC] PHP Warning:  "boolean" will be interpreted as a class name. Did you mean "bool"? Write "\App\boolean" or import the class with "use" to suppress this warning in /var/www/html/app/models/User.php on line 42
[03-Sep-2022 00:57:42 UTC] PHP Warning:  "boolean" will be interpreted as a class name. Did you mean "bool"? Write "\App\boolean" or import the class with "use" to suppress this warning in /var/www/html/app/models/User.php on line 48
[03-Sep-2022 00:57:42 UTC] PHP Fatal error:  Uncaught Error: Class "App\Model" not found in /var/www/html/app/models/User.php:8
Stack trace:
#0 /var/www/html/vendor/composer/ClassLoader.php(571): include()
#1 /var/www/html/vendor/composer/ClassLoader.php(428): Composer\Autoload\includeFile('/var/www/html/v...')
#2 /var/www/html/app/controllers/Login.php(29): Composer\Autoload\ClassLoader->loadClass('App\\models\\User')
#3 /var/www/html/app/lib/routes.php(28): App\controllers\Login->auth()
#4 [internal function]: App\lib\{closure}()
#5 /var/www/html/vendor/bramus/router/src/Bramus/Router/Router.php(458): call_user_func_array(Object(Closure), Array)
#6 /var/www/html/vendor/bramus/router/src/Bramus/Router/Router.php(440): Bramus\Router\Router->invoke(Object(Closure), Array)
#7 /var/www/html/vendor/bramus/router/src/Bramus/Router/Router.php(287): Bramus\Router\Router->handle(Array, true)
#8 /var/www/html/app/lib/routes.php(36): Bramus\Router\Router->run()
#9 /var/www/html/index.php(10): require('/var/www/html/a...')
#10 {main}
  thrown in /var/www/html/app/models/User.php on line 8
[03-Sep-2022 00:58:25 UTC] PHP Warning:  Undefined variable $param in /var/www/html/app/lib/Controller.php on line 28
[03-Sep-2022 00:58:25 UTC] PHP Warning:  "boolean" will be interpreted as a class name. Did you mean "bool"? Write "\App\models\boolean" or import the class with "use" to suppress this warning in /var/www/html/app/models/User.php on line 26
[03-Sep-2022 00:58:25 UTC] PHP Warning:  "boolean" will be interpreted as a class name. Did you mean "bool"? Write "\App\models\boolean" or import the class with "use" to suppress this warning in /var/www/html/app/models/User.php on line 41
[03-Sep-2022 00:58:25 UTC] PHP Warning:  "boolean" will be interpreted as a class name. Did you mean "bool"? Write "\App\models\boolean" or import the class with "use" to suppress this warning in /var/www/html/app/models/User.php on line 42
[03-Sep-2022 00:58:25 UTC] PHP Warning:  "boolean" will be interpreted as a class name. Did you mean "bool"? Write "\App\models\boolean" or import the class with "use" to suppress this warning in /var/www/html/app/models/User.php on line 48
[03-Sep-2022 00:58:25 UTC] PHP Fatal error:  Uncaught Error: Class "App\models\Model" not found in /var/www/html/app/models/User.php:8
Stack trace:
#0 /var/www/html/vendor/composer/ClassLoader.php(571): include()
#1 /var/www/html/vendor/composer/ClassLoader.php(428): Composer\Autoload\includeFile('/var/www/html/v...')
#2 /var/www/html/app/controllers/Login.php(29): Composer\Autoload\ClassLoader->loadClass('App\\models\\User')
#3 /var/www/html/app/lib/routes.php(28): App\controllers\Login->auth()
#4 [internal function]: App\lib\{closure}()
#5 /var/www/html/vendor/bramus/router/src/Bramus/Router/Router.php(458): call_user_func_array(Object(Closure), Array)
#6 /var/www/html/vendor/bramus/router/src/Bramus/Router/Router.php(440): Bramus\Router\Router->invoke(Object(Closure), Array)
#7 /var/www/html/vendor/bramus/router/src/Bramus/Router/Router.php(287): Bramus\Router\Router->handle(Array, true)
#8 /var/www/html/app/lib/routes.php(36): Bramus\Router\Router->run()
#9 /var/www/html/index.php(10): require('/var/www/html/a...')
#10 {main}
  thrown in /var/www/html/app/models/User.php on line 8
[03-Sep-2022 00:58:45 UTC] PHP Warning:  Undefined variable $param in /var/www/html/app/lib/Controller.php on line 28
[03-Sep-2022 00:58:45 UTC] PHP Fatal error:  Uncaught Error: Class "App\models\Model" not found in /var/www/html/app/models/User.php:8
Stack trace:
#0 /var/www/html/vendor/composer/ClassLoader.php(571): include()
#1 /var/www/html/vendor/composer/ClassLoader.php(428): Composer\Autoload\includeFile('/var/www/html/v...')
#2 /var/www/html/app/controllers/Login.php(29): Composer\Autoload\ClassLoader->loadClass('App\\models\\User')
#3 /var/www/html/app/lib/routes.php(28): App\controllers\Login->auth()
#4 [internal function]: App\lib\{closure}()
#5 /var/www/html/vendor/bramus/router/src/Bramus/Router/Router.php(458): call_user_func_array(Object(Closure), Array)
#6 /var/www/html/vendor/bramus/router/src/Bramus/Router/Router.php(440): Bramus\Router\Router->invoke(Object(Closure), Array)
#7 /var/www/html/vendor/bramus/router/src/Bramus/Router/Router.php(287): Bramus\Router\Router->handle(Array, true)
#8 /var/www/html/app/lib/routes.php(36): Bramus\Router\Router->run()
#9 /var/www/html/index.php(10): require('/var/www/html/a...')
#10 {main}
  thrown in /var/www/html/app/models/User.php on line 8
[03-Sep-2022 00:59:26 UTC] PHP Warning:  Undefined variable $param in /var/www/html/app/lib/Controller.php on line 28
[03-Sep-2022 00:59:26 UTC] PHP Fatal error:  Uncaught Error: Class "App\libs\Model" not found in /var/www/html/app/models/User.php:8
Stack trace:
#0 /var/www/html/vendor/composer/ClassLoader.php(571): include()
#1 /var/www/html/vendor/composer/ClassLoader.php(428): Composer\Autoload\includeFile('/var/www/html/v...')
#2 /var/www/html/app/controllers/Login.php(29): Composer\Autoload\ClassLoader->loadClass('App\\models\\User')
#3 /var/www/html/app/lib/routes.php(28): App\controllers\Login->auth()
#4 [internal function]: App\lib\{closure}()
#5 /var/www/html/vendor/bramus/router/src/Bramus/Router/Router.php(458): call_user_func_array(Object(Closure), Array)
#6 /var/www/html/vendor/bramus/router/src/Bramus/Router/Router.php(440): Bramus\Router\Router->invoke(Object(Closure), Array)
#7 /var/www/html/vendor/bramus/router/src/Bramus/Router/Router.php(287): Bramus\Router\Router->handle(Array, true)
#8 /var/www/html/app/lib/routes.php(36): Bramus\Router\Router->run()
#9 /var/www/html/index.php(10): require('/var/www/html/a...')
#10 {main}
  thrown in /var/www/html/app/models/User.php on line 8
[03-Sep-2022 01:00:05 UTC] PHP Warning:  Undefined variable $param in /var/www/html/app/lib/Controller.php on line 28
[03-Sep-2022 01:00:05 UTC] PHP Fatal error:  Uncaught Error: Class "App\models\App\libs\Model" not found in /var/www/html/app/models/User.php:8
Stack trace:
#0 /var/www/html/vendor/composer/ClassLoader.php(571): include()
#1 /var/www/html/vendor/composer/ClassLoader.php(428): Composer\Autoload\includeFile('/var/www/html/v...')
#2 /var/www/html/app/controllers/Login.php(29): Composer\Autoload\ClassLoader->loadClass('App\\models\\User')
#3 /var/www/html/app/lib/routes.php(28): App\controllers\Login->auth()
#4 [internal function]: App\lib\{closure}()
#5 /var/www/html/vendor/bramus/router/src/Bramus/Router/Router.php(458): call_user_func_array(Object(Closure), Array)
#6 /var/www/html/vendor/bramus/router/src/Bramus/Router/Router.php(440): Bramus\Router\Router->invoke(Object(Closure), Array)
#7 /var/www/html/vendor/bramus/router/src/Bramus/Router/Router.php(287): Bramus\Router\Router->handle(Array, true)
#8 /var/www/html/app/lib/routes.php(36): Bramus\Router\Router->run()
#9 /var/www/html/index.php(10): require('/var/www/html/a...')
#10 {main}
  thrown in /var/www/html/app/models/User.php on line 8
[03-Sep-2022 01:00:16 UTC] PHP Warning:  Undefined variable $param in /var/www/html/app/lib/Controller.php on line 28
[03-Sep-2022 01:00:16 UTC] PHP Fatal error:  Uncaught Error: Class "App\libs\Model" not found in /var/www/html/app/models/User.php:7
Stack trace:
#0 /var/www/html/vendor/composer/ClassLoader.php(571): include()
#1 /var/www/html/vendor/composer/ClassLoader.php(428): Composer\Autoload\includeFile('/var/www/html/v...')
#2 /var/www/html/app/controllers/Login.php(29): Composer\Autoload\ClassLoader->loadClass('App\\models\\User')
#3 /var/www/html/app/lib/routes.php(28): App\controllers\Login->auth()
#4 [internal function]: App\lib\{closure}()
#5 /var/www/html/vendor/bramus/router/src/Bramus/Router/Router.php(458): call_user_func_array(Object(Closure), Array)
#6 /var/www/html/vendor/bramus/router/src/Bramus/Router/Router.php(440): Bramus\Router\Router->invoke(Object(Closure), Array)
#7 /var/www/html/vendor/bramus/router/src/Bramus/Router/Router.php(287): Bramus\Router\Router->handle(Array, true)
#8 /var/www/html/app/lib/routes.php(36): Bramus\Router\Router->run()
#9 /var/www/html/index.php(10): require('/var/www/html/a...')
#10 {main}
  thrown in /var/www/html/app/models/User.php on line 7
[03-Sep-2022 01:20:33 UTC] PHP Warning:  Undefined variable $param in /var/www/html/app/lib/Controller.php on line 28
[03-Sep-2022 01:20:33 UTC] PHP Fatal error:  Uncaught Error: Non-static method App\models\User::get() cannot be called statically in /var/www/html/app/controllers/Login.php:29
Stack trace:
#0 /var/www/html/app/lib/routes.php(28): App\controllers\Login->auth()
#1 [internal function]: App\lib\{closure}()
#2 /var/www/html/vendor/bramus/router/src/Bramus/Router/Router.php(458): call_user_func_array(Object(Closure), Array)
#3 /var/www/html/vendor/bramus/router/src/Bramus/Router/Router.php(440): Bramus\Router\Router->invoke(Object(Closure), Array)
#4 /var/www/html/vendor/bramus/router/src/Bramus/Router/Router.php(287): Bramus\Router\Router->handle(Array, true)
#5 /var/www/html/app/lib/routes.php(36): Bramus\Router\Router->run()
#6 /var/www/html/index.php(10): require('/var/www/html/a...')
#7 {main}
  thrown in /var/www/html/app/controllers/Login.php on line 29
[03-Sep-2022 01:25:11 UTC] PHP Warning:  Undefined variable $param in /var/www/html/app/lib/Controller.php on line 28
[03-Sep-2022 01:25:13 UTC] PHP Warning:  Undefined variable $ch in /var/www/html/app/models/User.php on line 83
[03-Sep-2022 01:25:13 UTC] PHP Fatal error:  Uncaught TypeError: curl_getinfo(): Argument #1 ($handle) must be of type CurlHandle, null given in /var/www/html/app/models/User.php:83
Stack trace:
#0 /var/www/html/app/models/User.php(83): curl_getinfo(NULL, 2097154)
#1 /var/www/html/app/controllers/Login.php(29): App\models\User::get(Array)
#2 /var/www/html/app/lib/routes.php(28): App\controllers\Login->auth()
#3 [internal function]: App\lib\{closure}()
#4 /var/www/html/vendor/bramus/router/src/Bramus/Router/Router.php(458): call_user_func_array(Object(Closure), Array)
#5 /var/www/html/vendor/bramus/router/src/Bramus/Router/Router.php(440): Bramus\Router\Router->invoke(Object(Closure), Array)
#6 /var/www/html/vendor/bramus/router/src/Bramus/Router/Router.php(287): Bramus\Router\Router->handle(Array, true)
#7 /var/www/html/app/lib/routes.php(36): Bramus\Router\Router->run()
#8 /var/www/html/index.php(10): require('/var/www/html/a...')
#9 {main}
  thrown in /var/www/html/app/models/User.php on line 83
[03-Sep-2022 01:25:41 UTC] PHP Warning:  Undefined variable $ch in /var/www/html/app/models/User.php on line 83
[03-Sep-2022 01:25:41 UTC] PHP Fatal error:  Uncaught TypeError: curl_getinfo(): Argument #1 ($handle) must be of type CurlHandle, null given in /var/www/html/app/models/User.php:83
Stack trace:
#0 /var/www/html/app/models/User.php(83): curl_getinfo(NULL, 2097154)
#1 /var/www/html/app/controllers/Login.php(29): App\models\User::get(Array)
#2 /var/www/html/app/lib/routes.php(28): App\controllers\Login->auth()
#3 [internal function]: App\lib\{closure}()
#4 /var/www/html/vendor/bramus/router/src/Bramus/Router/Router.php(458): call_user_func_array(Object(Closure), Array)
#5 /var/www/html/vendor/bramus/router/src/Bramus/Router/Router.php(440): Bramus\Router\Router->invoke(Object(Closure), Array)
#6 /var/www/html/vendor/bramus/router/src/Bramus/Router/Router.php(287): Bramus\Router\Router->handle(Array, true)
#7 /var/www/html/app/lib/routes.php(36): Bramus\Router\Router->run()
#8 /var/www/html/index.php(10): require('/var/www/html/a...')
#9 {main}
  thrown in /var/www/html/app/models/User.php on line 83
[03-Sep-2022 01:26:03 UTC] User logged
[03-Sep-2022 01:26:43 UTC] User logged
[03-Sep-2022 01:28:17 UTC] User logged
[03-Sep-2022 01:28:35 UTC] User logged
[03-Sep-2022 01:28:56 UTC] User logged
[03-Sep-2022 01:28:56 UTC] PHP Fatal error:  Uncaught Error: Cannot access private property App\models\User::$id in /var/www/html/app/controllers/Login.php:34
Stack trace:
#0 /var/www/html/app/lib/routes.php(28): App\controllers\Login->auth()
#1 [internal function]: App\lib\{closure}()
#2 /var/www/html/vendor/bramus/router/src/Bramus/Router/Router.php(458): call_user_func_array(Object(Closure), Array)
#3 /var/www/html/vendor/bramus/router/src/Bramus/Router/Router.php(440): Bramus\Router\Router->invoke(Object(Closure), Array)
#4 /var/www/html/vendor/bramus/router/src/Bramus/Router/Router.php(287): Bramus\Router\Router->handle(Array, true)
#5 /var/www/html/app/lib/routes.php(37): Bramus\Router\Router->run()
#6 /var/www/html/index.php(10): require('/var/www/html/a...')
#7 {main}
  thrown in /var/www/html/app/controllers/Login.php on line 34
[03-Sep-2022 01:29:57 UTC] User logged
[03-Sep-2022 01:31:05 UTC] User logged
[03-Sep-2022 01:33:15 UTC] User logged
[03-Sep-2022 01:41:18 UTC] User logged
[03-Sep-2022 01:41:27 UTC] PHP Warning:  Undefined array key "remember_me" in /var/www/html/app/controllers/Login.php on line 22
[03-Sep-2022 01:41:27 UTC] Login incorrect, data is null
[03-Sep-2022 01:41:27 UTC] PHP Warning:  Cannot modify header information - headers already sent by (output started at /var/www/html/app/controllers/Login.php:22) in /var/www/html/app/controllers/Login.php on line 43
[03-Sep-2022 01:43:02 UTC] User logged
[03-Sep-2022 01:43:10 UTC] User logged
[03-Sep-2022 01:44:23 UTC] User not exist
[03-Sep-2022 01:44:54 UTC] User logged
[03-Sep-2022 01:45:12 UTC] User logged
[03-Sep-2022 01:47:56 UTC] PHP Fatal error:  Uncaught Error: Class "App\controllers\LoginContoller" not found in /var/www/html/app/lib/routes.php:18
Stack trace:
#0 [internal function]: App\lib\{closure}()
#1 /var/www/html/vendor/bramus/router/src/Bramus/Router/Router.php(458): call_user_func_array(Object(Closure), Array)
#2 /var/www/html/vendor/bramus/router/src/Bramus/Router/Router.php(440): Bramus\Router\Router->invoke(Object(Closure), Array)
#3 /var/www/html/vendor/bramus/router/src/Bramus/Router/Router.php(287): Bramus\Router\Router->handle(Array, true)
#4 /var/www/html/app/lib/routes.php(38): Bramus\Router\Router->run()
#5 /var/www/html/index.php(10): require('/var/www/html/a...')
#6 {main}
  thrown in /var/www/html/app/lib/routes.php on line 18
[03-Sep-2022 01:48:09 UTC] PHP Fatal error:  Uncaught Error: Class "App\controllers\LoginContoller" not found in /var/www/html/app/lib/routes.php:18
Stack trace:
#0 [internal function]: App\lib\{closure}()
#1 /var/www/html/vendor/bramus/router/src/Bramus/Router/Router.php(458): call_user_func_array(Object(Closure), Array)
#2 /var/www/html/vendor/bramus/router/src/Bramus/Router/Router.php(440): Bramus\Router\Router->invoke(Object(Closure), Array)
#3 /var/www/html/vendor/bramus/router/src/Bramus/Router/Router.php(287): Bramus\Router\Router->handle(Array, true)
#4 /var/www/html/app/lib/routes.php(38): Bramus\Router\Router->run()
#5 /var/www/html/index.php(10): require('/var/www/html/a...')
#6 {main}
  thrown in /var/www/html/app/lib/routes.php on line 18
[03-Sep-2022 01:48:10 UTC] PHP Fatal error:  Uncaught Error: Class "App\controllers\LoginContoller" not found in /var/www/html/app/lib/routes.php:18
Stack trace:
#0 [internal function]: App\lib\{closure}()
#1 /var/www/html/vendor/bramus/router/src/Bramus/Router/Router.php(458): call_user_func_array(Object(Closure), Array)
#2 /var/www/html/vendor/bramus/router/src/Bramus/Router/Router.php(440): Bramus\Router\Router->invoke(Object(Closure), Array)
#3 /var/www/html/vendor/bramus/router/src/Bramus/Router/Router.php(287): Bramus\Router\Router->handle(Array, true)
#4 /var/www/html/app/lib/routes.php(38): Bramus\Router\Router->run()
#5 /var/www/html/index.php(10): require('/var/www/html/a...')
#6 {main}
  thrown in /var/www/html/app/lib/routes.php on line 18
[03-Sep-2022 01:48:20 UTC] PHP Fatal error:  Uncaught Error: Class "App\lib\LoginController" not found in /var/www/html/app/lib/routes.php:18
Stack trace:
#0 [internal function]: App\lib\{closure}()
#1 /var/www/html/vendor/bramus/router/src/Bramus/Router/Router.php(458): call_user_func_array(Object(Closure), Array)
#2 /var/www/html/vendor/bramus/router/src/Bramus/Router/Router.php(440): Bramus\Router\Router->invoke(Object(Closure), Array)
#3 /var/www/html/vendor/bramus/router/src/Bramus/Router/Router.php(287): Bramus\Router\Router->handle(Array, true)
#4 /var/www/html/app/lib/routes.php(38): Bramus\Router\Router->run()
#5 /var/www/html/index.php(10): require('/var/www/html/a...')
#6 {main}
  thrown in /var/www/html/app/lib/routes.php on line 18
[03-Sep-2022 01:49:21 UTC] PHP Fatal error:  Uncaught Error: Class "App\lib\LoginController" not found in /var/www/html/app/lib/routes.php:19
Stack trace:
#0 [internal function]: App\lib\{closure}()
#1 /var/www/html/vendor/bramus/router/src/Bramus/Router/Router.php(458): call_user_func_array(Object(Closure), Array)
#2 /var/www/html/vendor/bramus/router/src/Bramus/Router/Router.php(440): Bramus\Router\Router->invoke(Object(Closure), Array)
#3 /var/www/html/vendor/bramus/router/src/Bramus/Router/Router.php(287): Bramus\Router\Router->handle(Array, true)
#4 /var/www/html/app/lib/routes.php(39): Bramus\Router\Router->run()
#5 /var/www/html/index.php(10): require('/var/www/html/a...')
#6 {main}
  thrown in /var/www/html/app/lib/routes.php on line 19
[03-Sep-2022 01:58:48 UTC] PHP Fatal error:  Uncaught Error: Class "App\lib\Home" not found in /var/www/html/app/lib/routes.php:37
Stack trace:
#0 [internal function]: App\lib\{closure}()
#1 /var/www/html/vendor/bramus/router/src/Bramus/Router/Router.php(458): call_user_func_array(Object(Closure), Array)
#2 /var/www/html/vendor/bramus/router/src/Bramus/Router/Router.php(440): Bramus\Router\Router->invoke(Object(Closure), Array)
#3 /var/www/html/vendor/bramus/router/src/Bramus/Router/Router.php(287): Bramus\Router\Router->handle(Array, true)
#4 /var/www/html/app/lib/routes.php(42): Bramus\Router\Router->run()
#5 /var/www/html/index.php(10): require('/var/www/html/a...')
#6 {main}
  thrown in /var/www/html/app/lib/routes.php on line 37
[03-Sep-2022 01:59:16 UTC] PHP Fatal error:  Uncaught Error: Call to undefined method App\controllers\HomeController::auth() in /var/www/html/app/lib/routes.php:38
Stack trace:
#0 [internal function]: App\lib\{closure}()
#1 /var/www/html/vendor/bramus/router/src/Bramus/Router/Router.php(458): call_user_func_array(Object(Closure), Array)
#2 /var/www/html/vendor/bramus/router/src/Bramus/Router/Router.php(440): Bramus\Router\Router->invoke(Object(Closure), Array)
#3 /var/www/html/vendor/bramus/router/src/Bramus/Router/Router.php(287): Bramus\Router\Router->handle(Array, true)
#4 /var/www/html/app/lib/routes.php(42): Bramus\Router\Router->run()
#5 /var/www/html/index.php(10): require('/var/www/html/a...')
#6 {main}
  thrown in /var/www/html/app/lib/routes.php on line 38
[03-Sep-2022 01:59:31 UTC] PHP Warning:  Undefined property: App\lib\View::$d in /var/www/html/app/views/home.php on line 9
[03-Sep-2022 01:59:31 UTC] PHP Warning:  Trying to access array offset on value of type null in /var/www/html/app/views/home.php on line 9
[03-Sep-2022 01:59:31 UTC] PHP Warning:  Attempt to read property "getUsername" on null in /var/www/html/app/views/home.php on line 9
[03-Sep-2022 02:00:16 UTC] PHP Warning:  Undefined array key "user" in /var/www/html/app/views/home.php on line 9
[03-Sep-2022 02:00:16 UTC] PHP Warning:  Attempt to read property "getUsername" on null in /var/www/html/app/views/home.php on line 9
[03-Sep-2022 02:03:38 UTC] PHP Warning:  Undefined array key "user" in /var/www/html/app/views/home.php on line 9
[03-Sep-2022 02:03:38 UTC] PHP Warning:  Attempt to read property "getUsername" on null in /var/www/html/app/views/home.php on line 9
[03-Sep-2022 02:04:44 UTC] PHP Warning:  Undefined property: App\models\User::$getUsername in /var/www/html/app/views/home.php on line 9
[03-Sep-2022 02:05:45 UTC] PHP Fatal error:  Uncaught Error: Typed property App\models\User::$username must not be accessed before initialization in /var/www/html/app/models/User.php:96
Stack trace:
#0 /var/www/html/app/views/home.php(9): App\models\User->getUsername()
#1 /var/www/html/app/lib/View.php(14): require('/var/www/html/a...')
#2 /var/www/html/app/lib/Controller.php(20): App\lib\View->render('home', Array)
#3 /var/www/html/app/controllers/HomeController.php(22): App\lib\Controller->render('home', Array)
#4 /var/www/html/app/lib/routes.php(38): App\controllers\HomeController->index()
#5 [internal function]: App\lib\{closure}()
#6 /var/www/html/vendor/bramus/router/src/Bramus/Router/Router.php(458): call_user_func_array(Object(Closure), Array)
#7 /var/www/html/vendor/bramus/router/src/Bramus/Router/Router.php(440): Bramus\Router\Router->invoke(Object(Closure), Array)
#8 /var/www/html/vendor/bramus/router/src/Bramus/Router/Router.php(287): Bramus\Router\Router->handle(Array, true)
#9 /var/www/html/app/lib/routes.php(42): Bramus\Router\Router->run()
#10 /var/www/html/index.php(10): require('/var/www/html/a...')
#11 {main}
  thrown in /var/www/html/app/models/User.php on line 96
[03-Sep-2022 02:09:42 UTC] PHP Fatal error:  Uncaught Error: Object of class App\models\User could not be converted to string in /var/www/html/app/views/home.php:9
Stack trace:
#0 /var/www/html/app/lib/View.php(14): require()
#1 /var/www/html/app/lib/Controller.php(20): App\lib\View->render('home', Array)
#2 /var/www/html/app/controllers/HomeController.php(22): App\lib\Controller->render('home', Array)
#3 /var/www/html/app/lib/routes.php(38): App\controllers\HomeController->index()
#4 [internal function]: App\lib\{closure}()
#5 /var/www/html/vendor/bramus/router/src/Bramus/Router/Router.php(458): call_user_func_array(Object(Closure), Array)
#6 /var/www/html/vendor/bramus/router/src/Bramus/Router/Router.php(440): Bramus\Router\Router->invoke(Object(Closure), Array)
#7 /var/www/html/vendor/bramus/router/src/Bramus/Router/Router.php(287): Bramus\Router\Router->handle(Array, true)
#8 /var/www/html/app/lib/routes.php(42): Bramus\Router\Router->run()
#9 /var/www/html/index.php(10): require('/var/www/html/a...')
#10 {main}
  thrown in /var/www/html/app/views/home.php on line 9
[03-Sep-2022 02:25:38 UTC] PHP Fatal error:  Uncaught TypeError: Cannot access offset of type string on string in /var/www/html/app/models/User.php:81
Stack trace:
#0 /var/www/html/app/controllers/LoginController.php(29): App\models\User::get(Array)
#1 /var/www/html/app/lib/routes.php(32): App\controllers\LoginController->auth()
#2 [internal function]: App\lib\{closure}()
#3 /var/www/html/vendor/bramus/router/src/Bramus/Router/Router.php(458): call_user_func_array(Object(Closure), Array)
#4 /var/www/html/vendor/bramus/router/src/Bramus/Router/Router.php(440): Bramus\Router\Router->invoke(Object(Closure), Array)
#5 /var/www/html/vendor/bramus/router/src/Bramus/Router/Router.php(287): Bramus\Router\Router->handle(Array, true)
#6 /var/www/html/app/lib/routes.php(42): Bramus\Router\Router->run()
#7 /var/www/html/index.php(10): require('/var/www/html/a...')
#8 {main}
  thrown in /var/www/html/app/models/User.php on line 81
[03-Sep-2022 02:25:58 UTC] PHP Fatal error:  Uncaught Error: Cannot use object of type stdClass as array in /var/www/html/app/models/User.php:81
Stack trace:
#0 /var/www/html/app/controllers/LoginController.php(29): App\models\User::get(Array)
#1 /var/www/html/app/lib/routes.php(32): App\controllers\LoginController->auth()
#2 [internal function]: App\lib\{closure}()
#3 /var/www/html/vendor/bramus/router/src/Bramus/Router/Router.php(458): call_user_func_array(Object(Closure), Array)
#4 /var/www/html/vendor/bramus/router/src/Bramus/Router/Router.php(440): Bramus\Router\Router->invoke(Object(Closure), Array)
#5 /var/www/html/vendor/bramus/router/src/Bramus/Router/Router.php(287): Bramus\Router\Router->handle(Array, true)
#6 /var/www/html/app/lib/routes.php(42): Bramus\Router\Router->run()
#7 /var/www/html/index.php(10): require('/var/www/html/a...')
#8 {main}
  thrown in /var/www/html/app/models/User.php on line 81
[03-Sep-2022 02:27:06 UTC] PHP Warning:  Attempt to read property "member" on array in /var/www/html/app/models/User.php on line 84
[03-Sep-2022 02:27:06 UTC] PHP Warning:  Cannot modify header information - headers already sent by (output started at /var/www/html/app/models/User.php:84) in /var/www/html/app/controllers/LoginController.php on line 33
[03-Sep-2022 02:32:25 UTC] PHP Fatal error:  Uncaught Error: Cannot use object of type stdClass as array in /var/www/html/app/models/User.php:81
Stack trace:
#0 /var/www/html/app/controllers/LoginController.php(29): App\models\User::get(Array)
#1 /var/www/html/app/lib/routes.php(32): App\controllers\LoginController->auth()
#2 [internal function]: App\lib\{closure}()
#3 /var/www/html/vendor/bramus/router/src/Bramus/Router/Router.php(458): call_user_func_array(Object(Closure), Array)
#4 /var/www/html/vendor/bramus/router/src/Bramus/Router/Router.php(440): Bramus\Router\Router->invoke(Object(Closure), Array)
#5 /var/www/html/vendor/bramus/router/src/Bramus/Router/Router.php(287): Bramus\Router\Router->handle(Array, true)
#6 /var/www/html/app/lib/routes.php(42): Bramus\Router\Router->run()
#7 /var/www/html/index.php(10): require('/var/www/html/a...')
#8 {main}
  thrown in /var/www/html/app/models/User.php on line 81
[03-Sep-2022 02:38:10 UTC] PHP Warning:  Attempt to read property "member" on array in /var/www/html/app/models/User.php on line 84
[03-Sep-2022 02:44:50 UTC] PHP Warning:  Undefined property: App\models\User::$getUsername in /var/www/html/app/controllers/LoginController.php on line 32
[03-Sep-2022 02:50:35 UTC] PHP Fatal error:  Uncaught TypeError: Unsupported operand types: array - array in /var/www/html/app/models/User.php:57
Stack trace:
#0 /var/www/html/app/models/User.php(91): App\models\User->__construct(Array)
#1 /var/www/html/app/controllers/LoginController.php(29): App\models\User::get(Array)
#2 /var/www/html/app/lib/routes.php(32): App\controllers\LoginController->auth()
#3 [internal function]: App\lib\{closure}()
#4 /var/www/html/vendor/bramus/router/src/Bramus/Router/Router.php(458): call_user_func_array(Object(Closure), Array)
#5 /var/www/html/vendor/bramus/router/src/Bramus/Router/Router.php(440): Bramus\Router\Router->invoke(Object(Closure), Array)
#6 /var/www/html/vendor/bramus/router/src/Bramus/Router/Router.php(287): Bramus\Router\Router->handle(Array, true)
#7 /var/www/html/app/lib/routes.php(42): Bramus\Router\Router->run()
#8 /var/www/html/index.php(10): require('/var/www/html/a...')
#9 {main}
  thrown in /var/www/html/app/models/User.php on line 57
[03-Sep-2022 02:52:01 UTC] PHP Fatal error:  Uncaught TypeError: Cannot assign null to property App\models\User::$date_of_hire of type App\models\date in /var/www/html/app/models/User.php:62
Stack trace:
#0 /var/www/html/app/models/User.php(93): App\models\User->__construct(Array)
#1 /var/www/html/app/controllers/LoginController.php(29): App\models\User::get(Array)
#2 /var/www/html/app/lib/routes.php(32): App\controllers\LoginController->auth()
#3 [internal function]: App\lib\{closure}()
#4 /var/www/html/vendor/bramus/router/src/Bramus/Router/Router.php(458): call_user_func_array(Object(Closure), Array)
#5 /var/www/html/vendor/bramus/router/src/Bramus/Router/Router.php(440): Bramus\Router\Router->invoke(Object(Closure), Array)
#6 /var/www/html/vendor/bramus/router/src/Bramus/Router/Router.php(287): Bramus\Router\Router->handle(Array, true)
#7 /var/www/html/app/lib/routes.php(42): Bramus\Router\Router->run()
#8 /var/www/html/index.php(10): require('/var/www/html/a...')
#9 {main}
  thrown in /var/www/html/app/models/User.php on line 62
[03-Sep-2022 02:53:00 UTC] PHP Fatal error:  Uncaught TypeError: Cannot assign string to property App\models\User::$confirmed_at of type App\models\date in /var/www/html/app/models/User.php:64
Stack trace:
#0 /var/www/html/app/models/User.php(96): App\models\User->__construct(Array)
#1 /var/www/html/app/controllers/LoginController.php(29): App\models\User::get(Array)
#2 /var/www/html/app/lib/routes.php(32): App\controllers\LoginController->auth()
#3 [internal function]: App\lib\{closure}()
#4 /var/www/html/vendor/bramus/router/src/Bramus/Router/Router.php(458): call_user_func_array(Object(Closure), Array)
#5 /var/www/html/vendor/bramus/router/src/Bramus/Router/Router.php(440): Bramus\Router\Router->invoke(Object(Closure), Array)
#6 /var/www/html/vendor/bramus/router/src/Bramus/Router/Router.php(287): Bramus\Router\Router->handle(Array, true)
#7 /var/www/html/app/lib/routes.php(42): Bramus\Router\Router->run()
#8 /var/www/html/index.php(10): require('/var/www/html/a...')
#9 {main}
  thrown in /var/www/html/app/models/User.php on line 64
[03-Sep-2022 03:12:15 UTC] PHP Warning:  Undefined array key "user" in /var/www/html/app/lib/routes.php on line 17
[03-Sep-2022 03:12:15 UTC] PHP Deprecated:  unserialize(): Passing null to parameter #1 ($data) of type string is deprecated in /var/www/html/app/lib/routes.php on line 17
[03-Sep-2022 03:12:15 UTC] PHP Warning:  Cannot modify header information - headers already sent by (output started at /var/www/html/app/lib/routes.php:17) in /var/www/html/app/lib/routes.php on line 23
[03-Sep-2022 03:13:29 UTC] PHP Warning:  Undefined array key "user" in /var/www/html/app/lib/routes.php on line 47
[03-Sep-2022 03:13:29 UTC] PHP Deprecated:  unserialize(): Passing null to parameter #1 ($data) of type string is deprecated in /var/www/html/app/lib/routes.php on line 47
[03-Sep-2022 03:13:29 UTC] PHP Fatal error:  Uncaught TypeError: App\controllers\HomeController::__construct(): Argument #1 ($user) must be of type App\models\User, bool given, called in /var/www/html/app/lib/routes.php on line 48 and defined in /var/www/html/app/controllers/HomeController.php:12
Stack trace:
#0 /var/www/html/app/lib/routes.php(48): App\controllers\HomeController->__construct(false)
#1 [internal function]: App\lib\{closure}()
#2 /var/www/html/vendor/bramus/router/src/Bramus/Router/Router.php(458): call_user_func_array(Object(Closure), Array)
#3 /var/www/html/vendor/bramus/router/src/Bramus/Router/Router.php(440): Bramus\Router\Router->invoke(Object(Closure), Array)
#4 /var/www/html/vendor/bramus/router/src/Bramus/Router/Router.php(287): Bramus\Router\Router->handle(Array, true)
#5 /var/www/html/app/lib/routes.php(53): Bramus\Router\Router->run()
#6 /var/www/html/index.php(10): require('/var/www/html/a...')
#7 {main}
  thrown in /var/www/html/app/controllers/HomeController.php on line 12
