[02-Sep-2022 14:51:26 UTC] PHP Fatal error:  Uncaught Error: Class "Bramus\Router\Router" not found in /usr/src/app/app/routes.php:6
Stack trace:
#0 /usr/src/app/public/index.php(10): require()
#1 {main}
  thrown in /usr/src/app/app/routes.php on line 6
[02-Sep-2022 14:53:18 UTC] PHP Fatal error:  Uncaught Error: Class "Bramus\Router\Router" not found in /usr/src/app/app/routes.php:6
Stack trace:
#0 /usr/src/app/public/index.php(10): require()
#1 {main}
  thrown in /usr/src/app/app/routes.php on line 6
[02-Sep-2022 14:53:18 UTC] PHP Fatal error:  Uncaught Error: Class "Bramus\Router\Router" not found in /usr/src/app/app/routes.php:6
Stack trace:
#0 /usr/src/app/public/index.php(10): require()
#1 {main}
  thrown in /usr/src/app/app/routes.php on line 6
[02-Sep-2022 14:53:18 UTC] PHP Fatal error:  Uncaught Error: Class "Bramus\Router\Router" not found in /usr/src/app/app/routes.php:6
Stack trace:
#0 /usr/src/app/public/index.php(10): require()
#1 {main}
  thrown in /usr/src/app/app/routes.php on line 6
[02-Sep-2022 14:53:19 UTC] PHP Fatal error:  Uncaught Error: Class "Bramus\Router\Router" not found in /usr/src/app/app/routes.php:6
Stack trace:
#0 /usr/src/app/public/index.php(10): require()
#1 {main}
  thrown in /usr/src/app/app/routes.php on line 6
